#
# A fatal error has been detected by the Java Runtime Environment:
#
#  EXCEPTION_ACCESS_VIOLATION (0xc0000005) at pc=0x000000000394706a, pid=13516, tid=0x00000000000038ac
#
# JRE version: OpenJDK Runtime Environment (8.0_76-b03) (build 1.8.0_76-release-b03)
# Java VM: OpenJDK 64-Bit Server VM (25.76-b03 mixed mode windows-amd64 compressed oops)
# Problematic frame:
# J 4949 C1 org.apache.xerces.impl.XMLDocumentFragmentScannerImpl.scanStartElement()Z (316 bytes) @ 0x000000000394706a [0x0000000003946c00+0x46a]
#
# Failed to write core dump. Minidumps are not enabled by default on client versions of Windows
#
# If you would like to submit a bug report, please visit:
#   http://bugreport.java.com/bugreport/crash.jsp
#

---------------  T H R E A D  ---------------

Current thread (0x0000000059476800):  JavaThread "Daemon worker Thread 7" [_thread_in_Java, id=14508, stack(0x000000005bb40000,0x000000005bc40000)]

siginfo: ExceptionCode=0xc0000005, writing address 0x0000000000000001

Registers:
RAX=0x0000000000000001, RBX=0x00000000606d08a0, RCX=0x0000000000000074, RDX=0x00000000e24eca98
RSP=0x000000005bc3a4e0, RBP=0x000000005bc3a658, RSI=0x00000000e24e8718, RDI=0x0000000a15a01080
R8 =0x0000000000000000, R9 =0x0000000000000078, R10=0x0000000000000001, R11=0x0000000000000800
R12=0x0000000000000000, R13=0x0000000000000004, R14=0x0000000000000074, R15=0x0000000059476800
RIP=0x000000000394706a, EFLAGS=0x0000000000010297

Top of Stack: (sp=0x000000005bc3a4e0)
0x000000005bc3a4e0:   00000000e24e8510 00000000e24eb9f8
0x000000005bc3a4f0:   0000000000000001 00000000e2509008
0x000000005bc3a500:   ffffffff000007ff 00000000e24e8510
0x000000005bc3a510:   000000090000005f 00000000e24e8510
0x000000005bc3a520:   00000000e2511b00 00000000e24e8510
0x000000005bc3a530:   e24ff368e24ff388 00000000e24d2fa8
0x000000005bc3a540:   00000000e24e8718 0000000004a40fb0
0x000000005bc3a550:   00000000e24e8718 0000000100000001
0x000000005bc3a560:   000000005bc3a5c8 0000034600000000
0x000000005bc3a570:   0000000000000000 00000000e24e9968
0x000000005bc3a580:   000000000000000a 00000000039452dc
0x000000005bc3a590:   00000000e24e96c0 0000000100000000
0x000000005bc3a5a0:   0000000100000000 00000000e24e8718
0x000000005bc3a5b0:   e24e9968e24e99d0 00000000e24e9c10
0x000000005bc3a5c0:   00000000e24eca98 00000000a02ce920
0x000000005bc3a5d0:   0000000000000001 0000000004dcedd4 

Instructions: (pc=0x000000000394706a)
0x000000000394704a:   f9 ff 89 84 24 f0 00 00 00 48 8b 94 24 e0 00 00
0x000000000394705a:   00 8b 72 24 48 3b 06 48 8b 7e 48 bb a0 08 6d 60
0x000000000394706a:   00 00 00 00 8b 7f 08 48 3b bb 68 02 00 00 75 0d
0x000000000394707a:   48 83 83 70 02 00 00 01 e9 66 00 00 00 48 3b bb 


Register to memory mapping:

RAX=0x0000000000000001 is an unknown value
RBX=0x00000000606d08a0 is pointing into metadata
RCX=0x0000000000000074 is an unknown value
RDX=0x00000000e24eca98 is an oop
org.apache.xerces.impl.XMLDocumentScannerImpl 
 - klass: 'org/apache/xerces/impl/XMLDocumentScannerImpl'
RSP=0x000000005bc3a4e0 is pointing into the stack for thread: 0x0000000059476800
RBP=0x000000005bc3a658 is pointing into the stack for thread: 0x0000000059476800
RSI=0x00000000e24e8718 is an oop
org.apache.xerces.impl.XMLEntityScanner 
 - klass: 'org/apache/xerces/impl/XMLEntityScanner'
RDI=0x0000000a15a01080 is an unknown value
R8 =0x0000000000000000 is an unknown value
R9 =0x0000000000000078 is an unknown value
R10=0x0000000000000001 is an unknown value
R11=0x0000000000000800 is an unknown value
R12=0x0000000000000000 is an unknown value
R13=0x0000000000000004 is an unknown value
R14=0x0000000000000074 is an unknown value
R15=0x0000000059476800 is a thread


Stack: [0x000000005bb40000,0x000000005bc40000],  sp=0x000000005bc3a4e0,  free space=1001k
Native frames: (J=compiled Java code, j=interpreted, Vv=VM code, C=native code)
C  0x000000000394706a


---------------  P R O C E S S  ---------------

Java Threads: ( => current thread )
  0x0000000059484000 JavaThread "Stdin handler" [_thread_blocked, id=15664, stack(0x0000000060f10000,0x0000000061010000)]
  0x0000000059479000 JavaThread "Asynchronous log dispatcher for org.gradle.launcher.daemon.server.DefaultDaemonConnection@920edb2" [_thread_blocked, id=15796, stack(0x0000000057310000,0x0000000057410000)]
=>0x0000000059476800 JavaThread "Daemon worker Thread 7" [_thread_in_Java, id=14508, stack(0x000000005bb40000,0x000000005bc40000)]
  0x000000005947c000 JavaThread "Cancel handler" [_thread_blocked, id=15424, stack(0x000000005b930000,0x000000005ba30000)]
  0x000000005947a800 JavaThread "Handler for socket connection from /127.0.0.1:65261 to /127.0.0.1:52593" [_thread_in_native, id=15956, stack(0x000000005ba30000,0x000000005bb30000)]
  0x0000000059479800 JavaThread "Daemon Thread 7" [_thread_blocked, id=16160, stack(0x000000005a2f0000,0x000000005a3f0000)]
  0x0000000059483800 JavaThread "pool-6-thread-4" [_thread_blocked, id=15112, stack(0x0000000064160000,0x0000000064260000)]
  0x0000000059482800 JavaThread "pool-6-thread-3" [_thread_blocked, id=9272, stack(0x00000000648f0000,0x00000000649f0000)]
  0x000000005947f800 JavaThread "pool-6-thread-2" [_thread_blocked, id=4872, stack(0x0000000061c40000,0x0000000061d40000)]
  0x000000005947d800 JavaThread "pool-6-thread-1" [_thread_blocked, id=14564, stack(0x00000000614c0000,0x00000000615c0000)]
  0x000000005c6b4800 JavaThread "File lock request listener" [_thread_in_native, id=13644, stack(0x000000005b820000,0x000000005b920000)]
  0x0000000059366800 JavaThread "pool-1-thread-1" [_thread_blocked, id=14056, stack(0x000000005a440000,0x000000005a540000)]
  0x0000000059469800 JavaThread "Incoming local TCP Connector on port 65261" [_thread_in_native, id=4148, stack(0x0000000059fe0000,0x000000005a0e0000)]
  0x0000000057945000 JavaThread "Service Thread" daemon [_thread_blocked, id=8864, stack(0x0000000058230000,0x0000000058330000)]
  0x00000000578cb000 JavaThread "C1 CompilerThread2" daemon [_thread_blocked, id=14148, stack(0x0000000057e10000,0x0000000057f10000)]
  0x00000000578c6000 JavaThread "C2 CompilerThread1" daemon [_thread_in_native, id=14256, stack(0x0000000058040000,0x0000000058140000)]
  0x00000000563ef800 JavaThread "C2 CompilerThread0" daemon [_thread_in_native, id=14408, stack(0x0000000057f10000,0x0000000058010000)]
  0x00000000578a9000 JavaThread "Attach Listener" daemon [_thread_blocked, id=15164, stack(0x0000000057680000,0x0000000057780000)]
  0x00000000563e9000 JavaThread "Signal Dispatcher" daemon [_thread_blocked, id=13440, stack(0x0000000057cd0000,0x0000000057dd0000)]
  0x00000000563c7000 JavaThread "Finalizer" daemon [_thread_blocked, id=12500, stack(0x00000000577a0000,0x00000000578a0000)]
  0x0000000056380000 JavaThread "Reference Handler" daemon [_thread_blocked, id=11640, stack(0x0000000057550000,0x0000000057650000)]
  0x0000000001d2e000 JavaThread "main" [_thread_blocked, id=15076, stack(0x0000000002710000,0x0000000002810000)]

Other Threads:
  0x0000000056378000 VMThread [stack: 0x0000000057420000,0x0000000057520000] [id=3268]
  0x0000000057946000 WatcherThread [stack: 0x00000000583f0000,0x00000000584f0000] [id=13960]

VM state:not at safepoint (normal execution)

VM Mutex/Monitor currently owned by a thread: None

Heap:
 PSYoungGen      total 446464K, used 38689K [0x00000000e0000000, 0x00000000ff980000, 0x0000000100000000)
  eden space 377344K, 10% used [0x00000000e0000000,0x00000000e25c8760,0x00000000f7080000)
  from space 69120K, 0% used [0x00000000fb600000,0x00000000fb600000,0x00000000ff980000)
  to   space 70144K, 0% used [0x00000000f7080000,0x00000000f7080000,0x00000000fb500000)
 ParOldGen       total 193536K, used 39675K [0x00000000a0000000, 0x00000000abd00000, 0x00000000e0000000)
  object space 193536K, 20% used [0x00000000a0000000,0x00000000a26beff8,0x00000000abd00000)
 Metaspace       used 68092K, capacity 69848K, committed 71424K, reserved 1112064K
  class space    used 8281K, capacity 8700K, committed 8960K, reserved 1048576K

Card table byte_map: [0x0000000011bd0000,0x0000000011ee0000] byte_map_base: 0x00000000116d0000

Marking Bits: (ParMarkBitMap*) 0x0000000067f69d00
 Begin Bits: [0x00000000126f0000, 0x0000000013ef0000)
 End Bits:   [0x0000000013ef0000, 0x00000000156f0000)

Polling page: 0x0000000001c60000

CodeCache: size=245760Kb used=53196Kb max_used=53942Kb free=192563Kb
 bounds [0x0000000002810000, 0x0000000005d60000, 0x0000000011810000]
 total_blobs=15863 nmethods=15108 adapters=667
 compilation: enabled

Compilation events (10 events):
Event: 2954.671 Thread 0x00000000578cb000 20150       3       org.gradle.api.internal.artifacts.configurations.DefaultConfiguration$1::<init> (10 bytes)
Event: 2954.672 Thread 0x00000000578cb000 nmethod 20150 0x0000000004d0ad10 code [0x0000000004d0ae60, 0x0000000004d0b030]
Event: 2954.674 Thread 0x00000000578cb000 20151       3       org.gradle.api.internal.artifacts.DefaultResolverResults::<init> (5 bytes)
Event: 2954.675 Thread 0x00000000578cb000 nmethod 20151 0x0000000003a1ee90 code [0x0000000003a1efe0, 0x0000000003a1f190]
Event: 2954.679 Thread 0x00000000578cb000 20154       3       org.gradle.api.internal.artifacts.ivyservice.ivyresolve.ErrorHandlingModuleComponentRepository::getName (10 bytes)
Event: 2954.679 Thread 0x00000000578cb000 nmethod 20154 0x0000000004ab40d0 code [0x0000000004ab4240, 0x0000000004ab4468]
Event: 2954.682 Thread 0x00000000578cb000 20156       3       org.apache.xerces.util.EntityResolverWrapper::<init> (10 bytes)
Event: 2954.682 Thread 0x00000000578cb000 nmethod 20156 0x000000000406b450 code [0x000000000406b5c0, 0x000000000406b7f0]
Event: 2954.682 Thread 0x00000000578cb000 20157       3       org.apache.xerces.util.EntityResolverWrapper::setEntityResolver (6 bytes)
Event: 2954.683 Thread 0x00000000578cb000 nmethod 20157 0x0000000004da0a90 code [0x0000000004da0be0, 0x0000000004da0d50]

GC Heap History (10 events):
Event: 2406.445 GC heap before
{Heap before GC invocations=38 (full 6):
 PSYoungGen      total 391168K, used 175161K [0x00000000e0000000, 0x00000000fe300000, 0x0000000100000000)
  eden space 335872K, 35% used [0x00000000e0000000,0x00000000e7516520,0x00000000f4800000)
  from space 55296K, 99% used [0x00000000f4800000,0x00000000f7df8130,0x00000000f7e00000)
  to   space 66048K, 0% used [0x00000000fa280000,0x00000000fa280000,0x00000000fe300000)
 ParOldGen       total 193536K, used 41941K [0x00000000a0000000, 0x00000000abd00000, 0x00000000e0000000)
  object space 193536K, 21% used [0x00000000a0000000,0x00000000a28f5448,0x00000000abd00000)
 Metaspace       used 68668K, capacity 70336K, committed 71424K, reserved 1112064K
  class space    used 8360K, capacity 8772K, committed 8960K, reserved 1048576K
Event: 2406.491 GC heap after
Heap after GC invocations=38 (full 6):
 PSYoungGen      total 420864K, used 56442K [0x00000000e0000000, 0x00000000ff200000, 0x0000000100000000)
  eden space 354816K, 0% used [0x00000000e0000000,0x00000000e0000000,0x00000000f5a80000)
  from space 66048K, 85% used [0x00000000fa280000,0x00000000fd99e890,0x00000000fe300000)
  to   space 73728K, 0% used [0x00000000f5a80000,0x00000000f5a80000,0x00000000fa280000)
 ParOldGen       total 193536K, used 41949K [0x00000000a0000000, 0x00000000abd00000, 0x00000000e0000000)
  object space 193536K, 21% used [0x00000000a0000000,0x00000000a28f7448,0x00000000abd00000)
 Metaspace       used 68668K, capacity 70336K, committed 71424K, reserved 1112064K
  class space    used 8360K, capacity 8772K, committed 8960K, reserved 1048576K
}
Event: 2406.491 GC heap before
{Heap before GC invocations=39 (full 7):
 PSYoungGen      total 420864K, used 56442K [0x00000000e0000000, 0x00000000ff200000, 0x0000000100000000)
  eden space 354816K, 0% used [0x00000000e0000000,0x00000000e0000000,0x00000000f5a80000)
  from space 66048K, 85% used [0x00000000fa280000,0x00000000fd99e890,0x00000000fe300000)
  to   space 73728K, 0% used [0x00000000f5a80000,0x00000000f5a80000,0x00000000fa280000)
 ParOldGen       total 193536K, used 41949K [0x00000000a0000000, 0x00000000abd00000, 0x00000000e0000000)
  object space 193536K, 21% used [0x00000000a0000000,0x00000000a28f7448,0x00000000abd00000)
 Metaspace       used 68668K, capacity 70336K, committed 71424K, reserved 1112064K
  class space    used 8360K, capacity 8772K, committed 8960K, reserved 1048576K
Event: 2406.769 GC heap after
Heap after GC invocations=39 (full 7):
 PSYoungGen      total 420864K, used 0K [0x00000000e0000000, 0x00000000ff200000, 0x0000000100000000)
  eden space 354816K, 0% used [0x00000000e0000000,0x00000000e0000000,0x00000000f5a80000)
  from space 66048K, 0% used [0x00000000fa280000,0x00000000fa280000,0x00000000fe300000)
  to   space 73728K, 0% used [0x00000000f5a80000,0x00000000f5a80000,0x00000000fa280000)
 ParOldGen       total 193536K, used 38770K [0x00000000a0000000, 0x00000000abd00000, 0x00000000e0000000)
  object space 193536K, 20% used [0x00000000a0000000,0x00000000a25dc950,0x00000000abd00000)
 Metaspace       used 67817K, capacity 69454K, committed 71424K, reserved 1112064K
  class space    used 8263K, capacity 8667K, committed 8960K, reserved 1048576K
}
Event: 2857.927 GC heap before
{Heap before GC invocations=40 (full 7):
 PSYoungGen      total 420864K, used 354816K [0x00000000e0000000, 0x00000000ff200000, 0x0000000100000000)
  eden space 354816K, 100% used [0x00000000e0000000,0x00000000f5a80000,0x00000000f5a80000)
  from space 66048K, 0% used [0x00000000fa280000,0x00000000fa280000,0x00000000fe300000)
  to   space 73728K, 0% used [0x00000000f5a80000,0x00000000f5a80000,0x00000000fa280000)
 ParOldGen       total 193536K, used 38770K [0x00000000a0000000, 0x00000000abd00000, 0x00000000e0000000)
  object space 193536K, 20% used [0x00000000a0000000,0x00000000a25dc950,0x00000000abd00000)
 Metaspace       used 68831K, capacity 70552K, committed 71424K, reserved 1112064K
  class space    used 8368K, capacity 8786K, committed 8960K, reserved 1048576K
Event: 2857.948 GC heap after
Heap after GC invocations=40 (full 7):
 PSYoungGen      total 428544K, used 16952K [0x00000000e0000000, 0x00000000ffb80000, 0x0000000100000000)
  eden space 354816K, 0% used [0x00000000e0000000,0x00000000e0000000,0x00000000f5a80000)
  from space 73728K, 22% used [0x00000000f5a80000,0x00000000f6b0e0a0,0x00000000fa280000)
  to   space 71168K, 0% used [0x00000000fb600000,0x00000000fb600000,0x00000000ffb80000)
 ParOldGen       total 193536K, used 38778K [0x00000000a0000000, 0x00000000abd00000, 0x00000000e0000000)
  object space 193536K, 20% used [0x00000000a0000000,0x00000000a25de950,0x00000000abd00000)
 Metaspace       used 68831K, capacity 70552K, committed 71424K, reserved 1112064K
  class space    used 8368K, capacity 8786K, committed 8960K, reserved 1048576K
}
Event: 2858.830 GC heap before
{Heap before GC invocations=41 (full 7):
 PSYoungGen      total 428544K, used 364875K [0x00000000e0000000, 0x00000000ffb80000, 0x0000000100000000)
  eden space 354816K, 98% used [0x00000000e0000000,0x00000000f53c4ec8,0x00000000f5a80000)
  from space 73728K, 22% used [0x00000000f5a80000,0x00000000f6b0e0a0,0x00000000fa280000)
  to   space 71168K, 0% used [0x00000000fb600000,0x00000000fb600000,0x00000000ffb80000)
 ParOldGen       total 193536K, used 38778K [0x00000000a0000000, 0x00000000abd00000, 0x00000000e0000000)
  object space 193536K, 20% used [0x00000000a0000000,0x00000000a25de950,0x00000000abd00000)
 Metaspace       used 68861K, capacity 70616K, committed 71424K, reserved 1112064K
  class space    used 8368K, capacity 8786K, committed 8960K, reserved 1048576K
Event: 2858.833 GC heap after
Heap after GC invocations=41 (full 7):
 PSYoungGen      total 446464K, used 6355K [0x00000000e0000000, 0x00000000ff980000, 0x0000000100000000)
  eden space 377344K, 0% used [0x00000000e0000000,0x00000000e0000000,0x00000000f7080000)
  from space 69120K, 9% used [0x00000000fb600000,0x00000000fbc34cf0,0x00000000ff980000)
  to   space 70144K, 0% used [0x00000000f7080000,0x00000000f7080000,0x00000000fb500000)
 ParOldGen       total 193536K, used 38786K [0x00000000a0000000, 0x00000000abd00000, 0x00000000e0000000)
  object space 193536K, 20% used [0x00000000a0000000,0x00000000a25e0950,0x00000000abd00000)
 Metaspace       used 68861K, capacity 70616K, committed 71424K, reserved 1112064K
  class space    used 8368K, capacity 8786K, committed 8960K, reserved 1048576K
}
Event: 2858.833 GC heap before
{Heap before GC invocations=42 (full 8):
 PSYoungGen      total 446464K, used 6355K [0x00000000e0000000, 0x00000000ff980000, 0x0000000100000000)
  eden space 377344K, 0% used [0x00000000e0000000,0x00000000e0000000,0x00000000f7080000)
  from space 69120K, 9% used [0x00000000fb600000,0x00000000fbc34cf0,0x00000000ff980000)
  to   space 70144K, 0% used [0x00000000f7080000,0x00000000f7080000,0x00000000fb500000)
 ParOldGen       total 193536K, used 38786K [0x00000000a0000000, 0x00000000abd00000, 0x00000000e0000000)
  object space 193536K, 20% used [0x00000000a0000000,0x00000000a25e0950,0x00000000abd00000)
 Metaspace       used 68861K, capacity 70616K, committed 71424K, reserved 1112064K
  class space    used 8368K, capacity 8786K, committed 8960K, reserved 1048576K
Event: 2859.018 GC heap after
Heap after GC invocations=42 (full 8):
 PSYoungGen      total 446464K, used 0K [0x00000000e0000000, 0x00000000ff980000, 0x0000000100000000)
  eden space 377344K, 0% used [0x00000000e0000000,0x00000000e0000000,0x00000000f7080000)
  from space 69120K, 0% used [0x00000000fb600000,0x00000000fb600000,0x00000000ff980000)
  to   space 70144K, 0% used [0x00000000f7080000,0x00000000f7080000,0x00000000fb500000)
 ParOldGen       total 193536K, used 39675K [0x00000000a0000000, 0x00000000abd00000, 0x00000000e0000000)
  object space 193536K, 20% used [0x00000000a0000000,0x00000000a26beff8,0x00000000abd00000)
 Metaspace       used 68010K, capacity 69734K, committed 71424K, reserved 1112064K
  class space    used 8271K, capacity 8681K, committed 8960K, reserved 1048576K
}

Deoptimization events (10 events):
Event: 2856.562 Thread 0x000000005947a800 Uncommon trap: reason=array_check action=maybe_recompile pc=0x0000000005b0a024 method=java.util.TimSort.mergeLo(IIII)V @ 375
Event: 2856.684 Thread 0x000000005947a800 Uncommon trap: reason=array_check action=maybe_recompile pc=0x0000000002ca7a00 method=java.util.TimSort.mergeLo(IIII)V @ 375
Event: 2857.465 Thread 0x000000005947a800 Uncommon trap: reason=null_check action=make_not_entrant pc=0x0000000005ac57f0 method=com.sun.tools.javac.comp.Flow$FlowAnalyzer.errorUncaught()V @ 7
Event: 2857.828 Thread 0x000000005947d800 Uncommon trap: reason=array_check action=maybe_recompile pc=0x0000000005052938 method=java.util.TimSort.reverseRange([Ljava/lang/Object;II)V @ 20
Event: 2857.844 Thread 0x000000005947d800 Uncommon trap: reason=array_check action=maybe_recompile pc=0x0000000005052938 method=java.util.TimSort.reverseRange([Ljava/lang/Object;II)V @ 20
Event: 2858.056 Thread 0x000000005947f800 Uncommon trap: reason=array_check action=maybe_recompile pc=0x0000000005aee0b4 method=java.util.ComparableTimSort.mergeHi(IIII)V @ 101
Event: 2858.153 Thread 0x000000005947f800 Uncommon trap: reason=array_check action=maybe_recompile pc=0x0000000005cddaf4 method=java.util.TimSort.mergeHi(IIII)V @ 524
Event: 2858.153 Thread 0x000000005947f800 Uncommon trap: reason=array_check action=maybe_recompile pc=0x0000000005cddaf4 method=java.util.TimSort.mergeHi(IIII)V @ 524
Event: 2858.266 Thread 0x000000005947f800 Uncommon trap: reason=array_check action=maybe_recompile pc=0x0000000003cfc998 method=java.util.TimSort.reverseRange([Ljava/lang/Object;II)V @ 27
Event: 2954.453 Thread 0x0000000059476800 Uncommon trap: reason=unstable_if action=reinterpret pc=0x0000000005becb38 method=com.google.common.collect.MapMakerInternalMap$Segment.put(Ljava/lang/Object;ILjava/lang/Object;Z)Ljava/lang/Object; @ 92

Internal exceptions (10 events):
Event: 2954.664 Thread 0x0000000059476800 Exception <a 'sun/nio/fs/WindowsException'> (0x00000000e224aae0) thrown at [C:\src\android\AOSP-openjdk\external\jetbrains\jdk\hotspot\src\share\vm\prims\jni.cpp, line 709]
Event: 2954.665 Thread 0x0000000059476800 Exception <a 'sun/nio/fs/WindowsException'> (0x00000000e224e298) thrown at [C:\src\android\AOSP-openjdk\external\jetbrains\jdk\hotspot\src\share\vm\prims\jni.cpp, line 709]
Event: 2954.665 Thread 0x0000000059476800 Exception <a 'sun/nio/fs/WindowsException'> (0x00000000e224ee30) thrown at [C:\src\android\AOSP-openjdk\external\jetbrains\jdk\hotspot\src\share\vm\prims\jni.cpp, line 709]
Event: 2954.665 Thread 0x0000000059476800 Exception <a 'sun/nio/fs/WindowsException'> (0x00000000e22509f8) thrown at [C:\src\android\AOSP-openjdk\external\jetbrains\jdk\hotspot\src\share\vm\prims\jni.cpp, line 709]
Event: 2954.665 Thread 0x0000000059476800 Exception <a 'sun/nio/fs/WindowsException'> (0x00000000e22515d0) thrown at [C:\src\android\AOSP-openjdk\external\jetbrains\jdk\hotspot\src\share\vm\prims\jni.cpp, line 709]
Event: 2954.670 Thread 0x0000000059476800 Exception <a 'sun/nio/fs/WindowsException'> (0x00000000e225b088) thrown at [C:\src\android\AOSP-openjdk\external\jetbrains\jdk\hotspot\src\share\vm\prims\jni.cpp, line 709]
Event: 2954.671 Thread 0x0000000059476800 Exception <a 'sun/nio/fs/WindowsException'> (0x00000000e225bc10) thrown at [C:\src\android\AOSP-openjdk\external\jetbrains\jdk\hotspot\src\share\vm\prims\jni.cpp, line 709]
Event: 2954.671 Thread 0x0000000059476800 Exception <a 'sun/nio/fs/WindowsException'> (0x00000000e225d7d8) thrown at [C:\src\android\AOSP-openjdk\external\jetbrains\jdk\hotspot\src\share\vm\prims\jni.cpp, line 709]
Event: 2954.671 Thread 0x0000000059476800 Exception <a 'sun/nio/fs/WindowsException'> (0x00000000e225e398) thrown at [C:\src\android\AOSP-openjdk\external\jetbrains\jdk\hotspot\src\share\vm\prims\jni.cpp, line 709]
Event: 2954.693 Thread 0x0000000059476800 Implicit null exception at 0x000000000394706a to 0x0000000000000000

Events (10 events):
Event: 2954.674 Thread 0x00000000578cb000 flushing nmethod 0x0000000005c3f050
Event: 2954.674 Thread 0x00000000578cb000 flushing nmethod 0x0000000005c42250
Event: 2954.674 Thread 0x00000000578cb000 flushing nmethod 0x0000000005c43a50
Event: 2954.674 Thread 0x00000000578cb000 flushing nmethod 0x0000000005c46fd0
Event: 2954.674 Thread 0x00000000578cb000 flushing nmethod 0x0000000005c4d910
Event: 2954.674 Thread 0x00000000578cb000 flushing nmethod 0x0000000005c51c50
Event: 2954.674 Thread 0x00000000578cb000 flushing nmethod 0x0000000005c52590
Event: 2954.674 Thread 0x00000000578cb000 flushing nmethod 0x0000000005c55c10
Event: 2954.674 Thread 0x00000000578cb000 flushing nmethod 0x0000000005c57a90
Event: 2954.674 Thread 0x00000000578cb000 flushing nmethod 0x0000000005c59b50


Dynamic libraries:
0x000000013fc70000 - 0x000000013fca1000 	D:\Program Files\Android\Android Studio\jre\bin\java.exe
0x0000000076d10000 - 0x0000000076eba000 	C:\Windows\SYSTEM32\ntdll.dll
0x00000000769e0000 - 0x0000000076aff000 	C:\Windows\system32\kernel32.dll
0x000007fefd240000 - 0x000007fefd2aa000 	C:\Windows\system32\KERNELBASE.dll
0x000007fefef40000 - 0x000007feff01b000 	C:\Windows\system32\ADVAPI32.dll
0x000007fefebf0000 - 0x000007fefec8f000 	C:\Windows\system32\msvcrt.dll
0x000007fefd6c0000 - 0x000007fefd6df000 	C:\Windows\SYSTEM32\sechost.dll
0x000007fefd850000 - 0x000007fefd97d000 	C:\Windows\system32\RPCRT4.dll
0x0000000076780000 - 0x000000007687a000 	C:\Windows\system32\USER32.dll
0x000007fefd570000 - 0x000007fefd5d7000 	C:\Windows\system32\GDI32.dll
0x000007fefec90000 - 0x000007fefec9e000 	C:\Windows\system32\LPK.dll
0x000007fefd5e0000 - 0x000007fefd6aa000 	C:\Windows\system32\USP10.dll
0x000007fefba40000 - 0x000007fefbc34000 	C:\Windows\WinSxS\amd64_microsoft.windows.common-controls_6595b64144ccf1df_6.0.7601.17514_none_fa396087175ac9ac\COMCTL32.dll
0x000007fefeb70000 - 0x000007fefebe1000 	C:\Windows\system32\SHLWAPI.dll
0x000007fefd540000 - 0x000007fefd56e000 	C:\Windows\system32\IMM32.DLL
0x000007fefd6e0000 - 0x000007fefd7e9000 	C:\Windows\system32\MSCTF.dll
0x000000006d200000 - 0x000000006d2d2000 	D:\Program Files\Android\Android Studio\jre\jre\bin\msvcr100.dll
0x00000000677b0000 - 0x0000000067fe4000 	D:\Program Files\Android\Android Studio\jre\jre\bin\server\jvm.dll
0x000007fef08a0000 - 0x000007fef08a9000 	C:\Windows\system32\WSOCK32.dll
0x000007fefeb20000 - 0x000007fefeb6d000 	C:\Windows\system32\WS2_32.dll
0x000007fefd6b0000 - 0x000007fefd6b8000 	C:\Windows\system32\NSI.dll
0x000007fefa980000 - 0x000007fefa9bb000 	C:\Windows\system32\WINMM.dll
0x000007fefc280000 - 0x000007fefc28c000 	C:\Windows\system32\VERSION.dll
0x0000000076ee0000 - 0x0000000076ee7000 	C:\Windows\system32\PSAPI.DLL
0x000007fef0890000 - 0x000007fef089f000 	D:\Program Files\Android\Android Studio\jre\jre\bin\verify.dll
0x000007feecd20000 - 0x000007feecd49000 	D:\Program Files\Android\Android Studio\jre\jre\bin\java.dll
0x000007feecd00000 - 0x000007feecd16000 	D:\Program Files\Android\Android Studio\jre\jre\bin\zip.dll
0x000007fefda60000 - 0x000007fefe7e8000 	C:\Windows\system32\SHELL32.dll
0x000007fefe890000 - 0x000007fefea93000 	C:\Windows\system32\ole32.dll
0x000007fefd170000 - 0x000007fefd17f000 	C:\Windows\system32\profapi.dll
0x000007feecce0000 - 0x000007feeccfa000 	D:\Program Files\Android\Android Studio\jre\jre\bin\net.dll
0x000007fefc9a0000 - 0x000007fefc9f5000 	C:\Windows\system32\mswsock.dll
0x000007fefc990000 - 0x000007fefc997000 	C:\Windows\System32\wship6.dll
0x000007feeccc0000 - 0x000007feeccd1000 	D:\Program Files\Android\Android Studio\jre\jre\bin\nio.dll
0x000007feec060000 - 0x000007feec072000 	C:\Users\Administrator\.gradle\native\19\windows-amd64\native-platform.dll
0x000007fefca00000 - 0x000007fefca17000 	C:\Windows\system32\CRYPTSP.dll
0x000007fefc700000 - 0x000007fefc747000 	C:\Windows\system32\rsaenh.dll
0x000007fefc4b0000 - 0x000007fefc4ce000 	C:\Windows\system32\USERENV.dll
0x000007fefd060000 - 0x000007fefd06f000 	C:\Windows\system32\CRYPTBASE.dll
0x000007fefa560000 - 0x000007fefa587000 	C:\Windows\system32\IPHLPAPI.DLL
0x000007fefa550000 - 0x000007fefa55b000 	C:\Windows\system32\WINNSI.DLL
0x000007fefa3e0000 - 0x000007fefa3f1000 	C:\Windows\system32\dhcpcsvc6.DLL
0x000007fefa3c0000 - 0x000007fefa3d8000 	C:\Windows\system32\dhcpcsvc.DLL
0x000007feed740000 - 0x000007feed74d000 	D:\Program Files\Android\Android Studio\jre\jre\bin\management.dll
0x000007fefd000000 - 0x000007fefd057000 	C:\Windows\system32\apphelp.dll
0x000007fef7110000 - 0x000007fef7235000 	C:\Windows\system32\dbghelp.dll

VM Arguments:
jvm_args: -Xmx1536m -Dfile.encoding=GBK -Duser.country=CN -Duser.language=zh -Duser.variant 
java_command: org.gradle.launcher.daemon.bootstrap.GradleDaemon 2.14.1
java_class_path (initial): C:\Users\Administrator\.gradle\wrapper\dists\gradle-2.14.1-all\8bnwg5hd3w55iofp58khbp6yv\gradle-2.14.1\lib\gradle-launcher-2.14.1.jar
Launcher Type: SUN_STANDARD

Environment Variables:
JAVA_HOME=D:\Program Files\Java\jdk1.8.0_121
CLASSPATH=.;D:\Program Files\Java\jdk1.8.0_121\lib;D:\Program Files\Java\jdk1.8.0_121\lib\tools.jar
PATH=d:\Ruby23\bin;C:\ProgramData\Oracle\Java\javapath;C:\Windows\system32;C:\Windows;C:\Windows\System32\Wbem;C:\Windows\System32\WindowsPowerShell\v1.0\;C:\Program Files (x86)\NVIDIA Corporation\PhysX\Common;D:\Program Files (x86)\Git\cmd;C:\Program Files\TortoiseGit\bin;D:\Program Files\Java\jdk1.8.0_121\bin;D:\Program Files\Java\jdk1.8.0_121\jre\bin:C:\Users\Administrator\Desktop;D:\Program Files\Android\Android Studio\gradle\gradle-2.14.1\bin
USERNAME=Administrator
OS=Windows_NT
PROCESSOR_IDENTIFIER=Intel64 Family 6 Model 94 Stepping 3, GenuineIntel



---------------  S Y S T E M  ---------------

OS: Windows 7 , 64 bit Build 7601 (6.1.7601.23677)

CPU:total 4 (2 cores per cpu, 2 threads per core) family 6 model 94 stepping 3, cmov, cx8, fxsr, mmx, sse, sse2, sse3, ssse3, sse4.1, sse4.2, popcnt, avx, avx2, aes, clmul, erms, 3dnowpref, lzcnt, ht, tsc, tscinvbit, bmi1, bmi2, adx

Memory: 4k page, physical 8339644k(395960k free), swap 16677428k(9496208k free)

vm_info: OpenJDK 64-Bit Server VM (25.76-b03) for windows-amd64 JRE (1.8.0_76-release-b03), built on Jun 29 2016 19:09:20 by "ralucas" with MS VC++ 10.0 (VS2010)

time: Thu May 18 15:57:10 2017
elapsed time: 2954 seconds (0d 0h 49m 14s)

